<?xml version="1.0" encoding="UTF-8"?>
<!-- Generated by org.testng.reporters.JUnitXMLReporter -->
<testsuite ignored="0" hostname="Zainaya" failures="1" tests="12" name="chromeTest" time="133.547" errors="0" timestamp="2025-05-16T17:47:47 PDT">
  <testcase classname="testCases.TC01_LaunchApplication" name="testLaunchApplication" time="0.075"/>
  <testcase classname="testCases.TC03_AddToCart" name="testAddToCart" time="7.912"/>
  <testcase classname="testCases.TC05_AddToWishList" name="testAddToWishList" time="16.531">
    <skipped/>
  </testcase> <!-- testAddToWishList -->
  <testcase classname="testCases.TC05_AddToWishList" name="testAddToWishList" time="10.385">
    <skipped/>
  </testcase> <!-- testAddToWishList -->
  <testcase classname="testCases.TC05_AddToWishList" name="testAddToWishList" time="10.31">
    <failure type="java.lang.AssertionError" message="Test failed due to unexpected exception.">
      <![CDATA[java.lang.AssertionError: Test failed due to unexpected exception.
at testCases.TC05_AddToWishList.testAddToWishList(TC05_AddToWishList.java:68)
at java.base/java.util.ArrayList.forEach(ArrayList.java:1596)
at java.base/java.util.concurrent.FutureTask.run(FutureTask.java:317)
at java.base/java.util.concurrent.ThreadPoolExecutor.runWorker(ThreadPoolExecutor.java:1144)
at java.base/java.util.concurrent.ThreadPoolExecutor$Worker.run(ThreadPoolExecutor.java:642)
at java.base/java.lang.Thread.run(Thread.java:1583)
... Removed 16 stack frames]]>
    </failure>
  </testcase> <!-- testAddToWishList -->
  <testcase classname="testCases.TC06_AddAffiliate" name="testAddAffiliate" time="8.834"/>
  <testcase classname="testCases.TC02_Login" name="testLogin" time="4.266"/>
  <testcase classname="testCases.TC02_Login" name="testLogin" time="3.086"/>
  <testcase classname="testCases.TC02_Login" name="testLogin" time="2.73"/>
  <testcase classname="testCases.TC02_Login" name="testLogin" time="2.908"/>
  <testcase classname="testCases.TC02_Login" name="testLogin" time="2.392"/>
  <testcase classname="testCases.TC04_CompletePurchase" name="testCompletePurchase" time="15.425"/>
</testsuite> <!-- chromeTest -->
