<?xml version="1.0" encoding="UTF-8"?>
<!-- Generated by org.testng.reporters.JUnitXMLReporter -->
<testsuite ignored="0" hostname="Zainaya" failures="1" tests="12" name="firefoxTest" time="137.046" errors="0" timestamp="2025-05-16T17:47:49 PDT">
  <testcase classname="testCases.TC01_LaunchApplication" name="testLaunchApplication" time="0.17"/>
  <testcase classname="testCases.TC03_AddToCart" name="testAddToCart" time="5.168"/>
  <testcase classname="testCases.TC05_AddToWishList" name="testAddToWishList" time="3.561">
    <skipped/>
  </testcase> <!-- testAddToWishList -->
  <testcase classname="testCases.TC05_AddToWishList" name="testAddToWishList" time="10.324">
    <skipped/>
  </testcase> <!-- testAddToWishList -->
  <testcase classname="testCases.TC05_AddToWishList" name="testAddToWishList" time="10.34">
    <failure type="java.lang.AssertionError" message="Test failed due to unexpected exception.">
      <![CDATA[java.lang.AssertionError: Test failed due to unexpected exception.
at testCases.TC05_AddToWishList.testAddToWishList(TC05_AddToWishList.java:68)
at java.base/java.util.ArrayList.forEach(ArrayList.java:1596)
at java.base/java.util.concurrent.FutureTask.run(FutureTask.java:317)
at java.base/java.util.concurrent.ThreadPoolExecutor.runWorker(ThreadPoolExecutor.java:1144)
at java.base/java.util.concurrent.ThreadPoolExecutor$Worker.run(ThreadPoolExecutor.java:642)
at java.base/java.lang.Thread.run(Thread.java:1583)
... Removed 16 stack frames]]>
    </failure>
  </testcase> <!-- testAddToWishList -->
  <testcase classname="testCases.TC06_AddAffiliate" name="testAddAffiliate" time="4.99"/>
  <testcase classname="testCases.TC02_Login" name="testLogin" time="1.998"/>
  <testcase classname="testCases.TC02_Login" name="testLogin" time="1.681"/>
  <testcase classname="testCases.TC02_Login" name="testLogin" time="1.846"/>
  <testcase classname="testCases.TC02_Login" name="testLogin" time="1.933"/>
  <testcase classname="testCases.TC02_Login" name="testLogin" time="1.763"/>
  <testcase classname="testCases.TC04_CompletePurchase" name="testCompletePurchase" time="10.563"/>
</testsuite> <!-- firefoxTest -->
